<?xml version="1.0" encoding="UTF-8"?>
<testsuite xmlns:xsi="http://www.w3.org/2001/XMLSchema-instance" xsi:noNamespaceSchemaLocation="https://maven.apache.org/surefire/maven-surefire-plugin/xsd/surefire-test-report-3.0.xsd" version="3.0" name="com.batallas.CriaturasTest" time="0.061" tests="4" errors="0" skipped="0" failures="0">
  <properties>
    <property name="java.specification.version" value="21"/>
    <property name="sun.cpu.isalist" value="amd64"/>
    <property name="sun.jnu.encoding" value="Cp1252"/>
    <property name="java.class.path" value="C:\Users\Kevin Cuero\OneDrive\Escritorio\batallas\juegobatallas\target\test-classes;C:\Users\Kevin Cuero\OneDrive\Escritorio\batallas\juegobatallas\target\classes;C:\Users\Kevin Cuero\.m2\repository\org\junit\jupiter\junit-jupiter\5.10.0\junit-jupiter-5.10.0.jar;C:\Users\Kevin Cuero\.m2\repository\org\junit\jupiter\junit-jupiter-api\5.10.0\junit-jupiter-api-5.10.0.jar;C:\Users\Kevin Cuero\.m2\repository\org\opentest4j\opentest4j\1.3.0\opentest4j-1.3.0.jar;C:\Users\Kevin Cuero\.m2\repository\org\junit\platform\junit-platform-commons\1.10.0\junit-platform-commons-1.10.0.jar;C:\Users\Kevin Cuero\.m2\repository\org\apiguardian\apiguardian-api\1.1.2\apiguardian-api-1.1.2.jar;C:\Users\Kevin Cuero\.m2\repository\org\junit\jupiter\junit-jupiter-params\5.10.0\junit-jupiter-params-5.10.0.jar;C:\Users\Kevin Cuero\.m2\repository\org\junit\jupiter\junit-jupiter-engine\5.10.0\junit-jupiter-engine-5.10.0.jar;C:\Users\Kevin Cuero\.m2\repository\org\junit\platform\junit-platform-engine\1.10.0\junit-platform-engine-1.10.0.jar;"/>
    <property name="java.vm.vendor" value="Eclipse Adoptium"/>
    <property name="sun.arch.data.model" value="64"/>
    <property name="user.variant" value=""/>
    <property name="java.vendor.url" value="https://adoptium.net/"/>
    <property name="user.timezone" value="America/Bogota"/>
    <property name="os.name" value="Windows 11"/>
    <property name="java.vm.specification.version" value="21"/>
    <property name="sun.java.launcher" value="SUN_STANDARD"/>
    <property name="user.country" value="CO"/>
    <property name="sun.boot.library.path" value="C:\Program Files\Eclipse Adoptium\jdk-21.0.8.9-hotspot\bin"/>
    <property name="sun.java.command" value="C:\Users\Kevin Cuero\AppData\Local\Temp\surefire18082480021563240884\surefirebooter-20251015191117476_3.jar C:\Users\Kevin Cuero\AppData\Local\Temp\surefire18082480021563240884 2025-10-15T19-11-16_376-jvmRun1 surefire-20251015191117476_1tmp surefire_0-20251015191117476_2tmp"/>
    <property name="jdk.debug" value="release"/>
    <property name="surefire.test.class.path" value="C:\Users\Kevin Cuero\OneDrive\Escritorio\batallas\juegobatallas\target\test-classes;C:\Users\Kevin Cuero\OneDrive\Escritorio\batallas\juegobatallas\target\classes;C:\Users\Kevin Cuero\.m2\repository\org\junit\jupiter\junit-jupiter\5.10.0\junit-jupiter-5.10.0.jar;C:\Users\Kevin Cuero\.m2\repository\org\junit\jupiter\junit-jupiter-api\5.10.0\junit-jupiter-api-5.10.0.jar;C:\Users\Kevin Cuero\.m2\repository\org\opentest4j\opentest4j\1.3.0\opentest4j-1.3.0.jar;C:\Users\Kevin Cuero\.m2\repository\org\junit\platform\junit-platform-commons\1.10.0\junit-platform-commons-1.10.0.jar;C:\Users\Kevin Cuero\.m2\repository\org\apiguardian\apiguardian-api\1.1.2\apiguardian-api-1.1.2.jar;C:\Users\Kevin Cuero\.m2\repository\org\junit\jupiter\junit-jupiter-params\5.10.0\junit-jupiter-params-5.10.0.jar;C:\Users\Kevin Cuero\.m2\repository\org\junit\jupiter\junit-jupiter-engine\5.10.0\junit-jupiter-engine-5.10.0.jar;C:\Users\Kevin Cuero\.m2\repository\org\junit\platform\junit-platform-engine\1.10.0\junit-platform-engine-1.10.0.jar;"/>
    <property name="sun.cpu.endian" value="little"/>
    <property name="user.home" value="C:\Users\Kevin Cuero"/>
    <property name="user.language" value="es"/>
    <property name="java.specification.vendor" value="Oracle Corporation"/>
    <property name="java.version.date" value="2025-07-15"/>
    <property name="java.home" value="C:\Program Files\Eclipse Adoptium\jdk-21.0.8.9-hotspot"/>
    <property name="file.separator" value="\"/>
    <property name="basedir" value="C:\Users\Kevin Cuero\OneDrive\Escritorio\batallas\juegobatallas"/>
    <property name="java.vm.compressedOopsMode" value="Zero based"/>
    <property name="line.separator" value="&#10;"/>
    <property name="java.vm.specification.vendor" value="Oracle Corporation"/>
    <property name="java.specification.name" value="Java Platform API Specification"/>
    <property name="surefire.real.class.path" value="C:\Users\Kevin Cuero\AppData\Local\Temp\surefire18082480021563240884\surefirebooter-20251015191117476_3.jar"/>
    <property name="user.script" value=""/>
    <property name="sun.management.compiler" value="HotSpot 64-Bit Tiered Compilers"/>
    <property name="java.runtime.version" value="21.0.8+9-LTS"/>
    <property name="user.name" value="Kevin Cuero"/>
    <property name="stdout.encoding" value="Cp1252"/>
    <property name="path.separator" value=";"/>
    <property name="os.version" value="10.0"/>
    <property name="java.runtime.name" value="OpenJDK Runtime Environment"/>
    <property name="file.encoding" value="UTF-8"/>
    <property name="java.vm.name" value="OpenJDK 64-Bit Server VM"/>
    <property name="java.vendor.version" value="Temurin-21.0.8+9"/>
    <property name="localRepository" value="C:\Users\Kevin Cuero\.m2\repository"/>
    <property name="java.vendor.url.bug" value="https://github.com/adoptium/adoptium-support/issues"/>
    <property name="java.io.tmpdir" value="C:\Users\KEVINC~1\AppData\Local\Temp\"/>
    <property name="java.version" value="21.0.8"/>
    <property name="user.dir" value="C:\Users\Kevin Cuero\OneDrive\Escritorio\batallas\juegobatallas"/>
    <property name="os.arch" value="amd64"/>
    <property name="java.vm.specification.name" value="Java Virtual Machine Specification"/>
    <property name="sun.os.patch.level" value=""/>
    <property name="native.encoding" value="Cp1252"/>
    <property name="java.library.path" value="C:\Program Files\Eclipse Adoptium\jdk-21.0.8.9-hotspot\bin;C:\WINDOWS\Sun\Java\bin;C:\WINDOWS\system32;C:\WINDOWS;C:\Program Files\Eclipse Adoptium\jdk-21.0.8.9-hotspot\bin;C:\Program Files (x86)\Common Files\Oracle\Java\java8path;C:\Program Files (x86)\Common Files\Oracle\Java\javapath;C:\WINDOWS\system32;C:\WINDOWS;C:\WINDOWS\System32\Wbem;C:\WINDOWS\System32\WindowsPowerShell\v1.0\;C:\WINDOWS\System32\OpenSSH\;C:\Program Files\dotnet\;C:\Program Files\NVIDIA Corporation\NVIDIA App\NvDLISR;C:\Program Files (x86)\NVIDIA Corporation\PhysX\Common;C:\Program Files\Git\cmd;C:\Users\Kevin Cuero\AppData\Local\Microsoft\WindowsApps;C:\Users\Kevin Cuero\AppData\Local\Programs\Microsoft VS Code\bin;C:\Users\Kevin Cuero\OneDrive\Escritorio\maven\apache-maven-3.9.11-bin\apache-maven-3.9.11\bin;C:\Program Files\Eclipse Adoptium\jdk-21.0.8.9-hotspot\bin;;c:\Users\Kevin Cuero\AppData\Roaming\Code\User\globalStorage\github.copilot-chat\debugCommand;."/>
    <property name="java.vm.info" value="mixed mode, sharing"/>
    <property name="stderr.encoding" value="Cp1252"/>
    <property name="java.vendor" value="Eclipse Adoptium"/>
    <property name="java.vm.version" value="21.0.8+9-LTS"/>
    <property name="sun.io.unicode.encoding" value="UnicodeLittle"/>
    <property name="java.class.version" value="65.0"/>
  </properties>
  <testcase name="testAtaqueDelDragon" classname="com.batallas.CriaturasTest" time="0.031">
    <system-out><![CDATA[Merlín ha equipado el arma: Bastón Arcano
Conan ha equipado el arma: Espada de Fuego
Alduin lanza fuego sobre Merlín causando 50 de daño.
Merlín recibe 50 de daño. Salud restante: 50
]]></system-out>
  </testcase>
  <testcase name="testAtaqueDelGuerreroConArma" classname="com.batallas.CriaturasTest" time="0.003">
    <system-out><![CDATA[Merlín ha equipado el arma: Bastón Arcano
Conan ha equipado el arma: Espada de Fuego
Atacando con el arma: Espada de Fuego
Conan ataca con su espada causando 30 de daño.
Alduin recibe 30 de daño. Salud restante: 120
]]></system-out>
  </testcase>
  <testcase name="testBatallaCompleta" classname="com.batallas.CriaturasTest" time="0.005">
    <system-out><![CDATA[Merlín ha equipado el arma: Bastón Arcano
Conan ha equipado el arma: Espada de Fuego
=====================================
 
¡Comienza la batalla! 
 
Entre Alduin y Merlín
=====================================

 Turno 1 
Alduin lanza fuego sobre Merlín causando 50 de daño.
Merlín recibe 50 de daño. Salud restante: 50
Atacando con el arma: Bastón Arcano
Merlín lanza un hechizo a Alduin causando 20 de daño mágico.
Alduin recibe 20 de daño. Salud restante: 130

 Turno 2 
Alduin lanza fuego sobre Merlín causando 50 de daño.
Merlín recibe 50 de daño. Salud restante: 0

 Merlín ha muerto.

Alduin ha ganado la batalla.
]]></system-out>
  </testcase>
  <testcase name="testAtaqueDelMagoConHechizo" classname="com.batallas.CriaturasTest" time="0.001">
    <system-out><![CDATA[Merlín ha equipado el arma: Bastón Arcano
Conan ha equipado el arma: Espada de Fuego
Atacando con el arma: Bastón Arcano
Merlín lanza un hechizo a Alduin causando 20 de daño mágico.
Alduin recibe 20 de daño. Salud restante: 130
]]></system-out>
  </testcase>
</testsuite>